<?xml version="1.0" encoding="UTF-8"?>
<!-- Generated by org.testng.reporters.JUnitReportReporter -->
<testsuite hostname="RR23" failures="0" tests="4" name="tests.AdminPageTest" time="52.583" errors="0" timestamp="2024-02-07T23:12:20 GMT+05:30" skipped="0">
  <testcase classname="tests.AdminPageTest" name="verifyFooterLink" time="12.991"/>
  <system-out/>
  <testcase classname="tests.AdminPageTest" name="verifyJobTitleHeading" time="14.232"/>
  <system-out/>
  <testcase classname="tests.AdminPageTest" name="urlTest" time="12.380"/>
  <system-out/>
  <testcase classname="tests.AdminPageTest" name="adminBreadcrumbTest" time="12.980"/>
  <system-out/>
</testsuite> <!-- tests.AdminPageTest -->
