<?xml version="1.0" encoding="UTF-8"?>
<!-- Generated by org.testng.reporters.JUnitReportReporter -->
<testsuite hostname="RR23" failures="0" tests="4" name="tests.LoginTest" time="53.362" errors="0" timestamp="2024-02-07T23:12:20 GMT+05:30" skipped="0">
  <testcase classname="tests.LoginTest" name="loginTestValidUsernamePassword" time="11.950"/>
  <system-out/>
  <testcase classname="tests.LoginTest" name="loginTestInValidUsernamePassword" time="25.106"/>
  <system-out/>
  <testcase classname="tests.LoginTest" name="loginTestInValidPassword" time="11.799"/>
  <system-out/>
  <testcase classname="tests.LoginTest" name="loginTestInValidUsername" time="4.507"/>
  <system-out/>
</testsuite> <!-- tests.LoginTest -->
