<?xml version="1.0" encoding="UTF-8"?>
<!-- Generated by org.testng.reporters.JUnitReportReporter -->
<testsuite hostname="RR23" failures="0" tests="4" name="tests.AdminPageTest" time="48.306" errors="0" timestamp="2024-02-06T18:45:02 GMT+05:30" skipped="0">
  <testcase classname="tests.AdminPageTest" name="verifyFooterLink" time="12.435"/>
  <testcase classname="tests.AdminPageTest" name="verifyJobTitleHeading" time="12.330"/>
  <testcase classname="tests.AdminPageTest" name="adminBreadcrumbTest" time="12.182"/>
  <testcase classname="tests.AdminPageTest" name="urlTest" time="11.359"/>
</testsuite> <!-- tests.AdminPageTest -->
