<?xml version="1.0" encoding="UTF-8"?>
<!-- Generated by org.testng.reporters.JUnitReportReporter -->
<testsuite hostname="RR23" failures="0" tests="4" name="tests.LoginTest" time="46.778" errors="0" timestamp="2024-02-06T18:45:02 GMT+05:30" skipped="0">
  <testcase classname="tests.LoginTest" name="loginTestInValidUsernamePassword" time="8.733"/>
  <testcase classname="tests.LoginTest" name="loginTestValidUsernamePassword" time="20.965"/>
  <testcase classname="tests.LoginTest" name="loginTestInValidUsername" time="7.875"/>
  <testcase classname="tests.LoginTest" name="loginTestInValidPassword" time="9.205"/>
</testsuite> <!-- tests.LoginTest -->
